make --dry-run --always-make --keep-going --print-directory
make: Entering directory `/Users/greatng/42Bangkok/42cursus/libft'
echo "\033[38;5;2mCompiling:\033[38;5;255m"
gcc -Wall -Wextra -Werror -c -o ft_atoi.o ft_atoi.c
echo "\033[38;5;2mCompiling:\033[38;5;255m"
gcc -Wall -Wextra -Werror -c -o ft_strlen.o ft_strlen.c
echo "\033[38;5;2mCompiling:\033[38;5;255m"
gcc -Wall -Wextra -Werror -c -o ft_isalpha.o ft_isalpha.c
echo "\033[38;5;2mCompiling:\033[38;5;255m"
gcc -Wall -Wextra -Werror -c -o ft_isdigit.o ft_isdigit.c
echo "\033[38;5;2mCompiling:\033[38;5;255m"
gcc -Wall -Wextra -Werror -c -o ft_isalnum.o ft_isalnum.c
echo "\033[38;5;2mCompiling:\033[38;5;255m"
gcc -Wall -Wextra -Werror -c -o ft_isascii.o ft_isascii.c
echo "\033[38;5;2mCompiling:\033[38;5;255m"
gcc -Wall -Wextra -Werror -c -o ft_isprint.o ft_isprint.c
echo "\033[38;5;2mCompiling:\033[38;5;255m"
gcc -Wall -Wextra -Werror -c -o ft_toupper.o ft_toupper.c
echo "\033[38;5;2mCompiling:\033[38;5;255m"
gcc -Wall -Wextra -Werror -c -o ft_tolower.o ft_tolower.c
echo "\033[38;5;2mCompiling:\033[38;5;255m"
gcc -Wall -Wextra -Werror -c -o ft_strncmp.o ft_strncmp.c
echo "\033[38;5;2mCompiling:\033[38;5;255m"
gcc -Wall -Wextra -Werror -c -o ft_strlcpy.o ft_strlcpy.c
echo "\033[38;5;2mCompiling:\033[38;5;255m"
gcc -Wall -Wextra -Werror -c -o ft_memset.o ft_memset.c
echo "\033[38;5;2mCompiling:\033[38;5;255m"
gcc -Wall -Wextra -Werror -c -o ft_bzero.o ft_bzero.c
echo "\033[38;5;2mCompiling:\033[38;5;255m"
gcc -Wall -Wextra -Werror -c -o ft_memcpy.o ft_memcpy.c
echo "\033[38;5;2mCompiling:\033[38;5;255m"
gcc -Wall -Wextra -Werror -c -o ft_strnstr.o ft_strnstr.c
echo "\033[38;5;2mCompiling:\033[38;5;255m"
gcc -Wall -Wextra -Werror -c -o ft_strchr.o ft_strchr.c
echo "\033[38;5;2mCompiling:\033[38;5;255m"
gcc -Wall -Wextra -Werror -c -o ft_strrchr.o ft_strrchr.c
echo "\033[38;5;2mCompiling:\033[38;5;255m"
gcc -Wall -Wextra -Werror -c -o ft_strlcat.o ft_strlcat.c
echo "\033[38;5;2mCompiling:\033[38;5;255m"
gcc -Wall -Wextra -Werror -c -o ft_memchr.o ft_memchr.c
echo "\033[38;5;2mCompiling:\033[38;5;255m"
gcc -Wall -Wextra -Werror -c -o ft_memcmp.o ft_memcmp.c
echo "\033[38;5;2mCompiling:\033[38;5;255m"
gcc -Wall -Wextra -Werror -c -o ft_memmove.o ft_memmove.c
echo "\033[38;5;2mCompiling:\033[38;5;255m"
gcc -Wall -Wextra -Werror -c -o ft_calloc.o ft_calloc.c
echo "\033[38;5;2mCompiling:\033[38;5;255m"
gcc -Wall -Wextra -Werror -c -o ft_strdup.o ft_strdup.c
echo "\033[38;5;2mCompiling:\033[38;5;255m"
gcc -Wall -Wextra -Werror -c -o ft_putchar_fd.o ft_putchar_fd.c
echo "\033[38;5;2mCompiling:\033[38;5;255m"
gcc -Wall -Wextra -Werror -c -o ft_putstr_fd.o ft_putstr_fd.c
echo "\033[38;5;2mCompiling:\033[38;5;255m"
gcc -Wall -Wextra -Werror -c -o ft_substr.o ft_substr.c
echo "\033[38;5;2mCompiling:\033[38;5;255m"
gcc -Wall -Wextra -Werror -c -o ft_strjoin.o ft_strjoin.c
echo "\033[38;5;2mCompiling:\033[38;5;255m"
gcc -Wall -Wextra -Werror -c -o ft_strtrim.o ft_strtrim.c
echo "\033[38;5;2mCompiling:\033[38;5;255m"
gcc -Wall -Wextra -Werror -c -o ft_striteri.o ft_striteri.c
echo "\033[38;5;2mCompiling:\033[38;5;255m"
gcc -Wall -Wextra -Werror -c -o ft_putendl_fd.o ft_putendl_fd.c
echo "\033[38;5;2mCompiling:\033[38;5;255m"
gcc -Wall -Wextra -Werror -c -o ft_itoa.o ft_itoa.c
echo "\033[38;5;2mCompiling:\033[38;5;255m"
gcc -Wall -Wextra -Werror -c -o ft_putnbr_fd.o ft_putnbr_fd.c
echo "\033[38;5;2mCompiling:\033[38;5;255m"
gcc -Wall -Wextra -Werror -c -o ft_strmapi.o ft_strmapi.c
echo "\033[38;5;2mCompiling:\033[38;5;255m"
gcc -Wall -Wextra -Werror -c -o ft_split.o ft_split.c
echo "\033[38;5;4mAdding to library...\033[38;5;255m"
ar rc libft.a ft_atoi.o ft_strlen.o ft_isalpha.o ft_isdigit.o ft_isalnum.o ft_isascii.o ft_isprint.o ft_toupper.o ft_tolower.o ft_strncmp.o ft_strlcpy.o ft_memset.o ft_bzero.o ft_memcpy.o ft_strnstr.o ft_strchr.o ft_strrchr.o ft_strlcat.o ft_memchr.o ft_memcmp.o ft_memmove.o ft_calloc.o ft_strdup.o ft_putchar_fd.o ft_putstr_fd.o ft_substr.o ft_strjoin.o ft_strtrim.o ft_striteri.o ft_putendl_fd.o ft_itoa.o ft_putnbr_fd.o ft_strmapi.o ft_split.o ft_atoi.o ft_strlen.o ft_isalpha.o ft_isdigit.o ft_isalnum.o ft_isascii.o ft_isprint.o ft_toupper.o ft_tolower.o ft_strncmp.o ft_strlcpy.o ft_memset.o ft_bzero.o ft_memcpy.o ft_strnstr.o ft_strchr.o ft_strrchr.o ft_strlcat.o ft_memchr.o ft_memcmp.o ft_memmove.o ft_calloc.o ft_strdup.o ft_putchar_fd.o ft_putstr_fd.o ft_substr.o ft_strjoin.o ft_strtrim.o ft_striteri.o ft_putendl_fd.o ft_itoa.o ft_putnbr_fd.o ft_strmapi.o ft_split.o
echo "\033[38;5;2mSuccessfully added to library!"
make: Leaving directory `/Users/greatng/42Bangkok/42cursus/libft'
 
